<?xml version="1.0" encoding="UTF-8"?>
<!-- Generated by org.testng.reporters.JUnitReportReporter -->
<testsuite skipped="0" hostname="MacBook-Pro.local" name="com.tesla.tests.TestUsingMaven" tests="1" failures="0" timestamp="14 Mar 2018 02:06:57 GMT" time="0.004" errors="0">
  <testcase name="test" time="0.004" classname="com.tesla.tests.TestUsingMaven"/>
</testsuite> <!-- com.tesla.tests.TestUsingMaven -->
