<?xml version="1.0" encoding="UTF-8"?>
<!-- Generated by org.testng.reporters.JUnitReportReporter -->
<testsuite skipped="0" hostname="MacBook-Pro.local" name="com.fourstay.tests.SmokeTests" tests="1" failures="0" timestamp="14 Mar 2018 02:17:54 GMT" time="0.005" errors="0">
  <testcase name="test" time="0.005" classname="com.fourstay.tests.SmokeTests"/>
</testsuite> <!-- com.fourstay.tests.SmokeTests -->
