<?xml version="1.0" encoding="UTF-8"?>
<!-- Generated by org.testng.reporters.JUnitReportReporter -->
<testsuite skipped="0" hostname="LA-BEBE" name="com.fourstay.tests.FS018" tests="1" failures="0" timestamp="25 Mar 2018 01:47:06 GMT" time="14.597" errors="0">
  <testcase name="test" time="14.597" classname="com.fourstay.tests.FS018"/>
</testsuite> <!-- com.fourstay.tests.FS018 -->
